<?xml version="1.0" encoding="UTF-8"?>
<!-- Generated by org.testng.reporters.JUnitXMLReporter -->
<testsuite hostname="Mitesh-PC" tests="4" failures="0" timestamp="6 Jan 2020 14:10:07 GMT" time="0.085" errors="0">
  <testcase name="demo2" time="0.022" classname="TestngAnnotations"/>
  <testcase name="demo" time="0.001" classname="TestngAnnotations"/>
  <testcase name="demo" time="0.002" classname="TestngAnnotations"/>
  <testcase name="demo" time="0.001" classname="TestngAnnotations"/>
</testsuite>
