<?xml version="1.0" encoding="UTF-8"?>
<testng-results skipped="1" failed="0" total="1" passed="0">
  <reporter-output>
  </reporter-output>
  <suite name="Default suite" duration-ms="33" started-at="2020-01-09T10:05:30Z" finished-at="2020-01-09T10:05:30Z">
    <groups>
    </groups>
    <test name="Default test" duration-ms="33" started-at="2020-01-09T10:05:30Z" finished-at="2020-01-09T10:05:30Z">
      <class name="ReadExcelDataP">
        <test-method status="SKIP" signature="test(java.lang.String, java.lang.String)[pri:0, instance:ReadExcelDataP@10399e]" name="test" duration-ms="0" started-at="2020-01-09T15:35:30Z" data-provider="createUser" finished-at="2020-01-09T15:35:30Z">
          <exception class="java.lang.RuntimeException">
            <message>
              <![CDATA[Can't invoke method public java.lang.String[][] ReadDataProvider.createUser() throws org.apache.poi.EncryptedDocumentException,org.apache.poi.openxml4j.exceptions.InvalidFormatException,java.io.FileNotFoundException,java.io.IOException on this instance of class ReadExcelDataP due to class mismatch]]>
            </message>
            <full-stacktrace>
              <![CDATA[java.lang.RuntimeException: Can't invoke method public java.lang.String[][] ReadDataProvider.createUser() throws org.apache.poi.EncryptedDocumentException,org.apache.poi.openxml4j.exceptions.InvalidFormatException,java.io.FileNotFoundException,java.io.IOException on this instance of class ReadExcelDataP due to class mismatch
	at org.testng.internal.MethodInvocationHelper.invokeMethod(MethodInvocationHelper.java:75)
	at org.testng.internal.MethodInvocationHelper.invokeDataProvider(MethodInvocationHelper.java:137)
	at org.testng.internal.Parameters.handleParameters(Parameters.java:430)
	at org.testng.internal.Invoker.handleParameters(Invoker.java:1243)
	at org.testng.internal.Invoker.createParameters(Invoker.java:992)
	at org.testng.internal.Invoker.invokeTestMethods(Invoker.java:1082)
	at org.testng.internal.TestMethodWorker.invokeTestMethods(TestMethodWorker.java:129)
	at org.testng.internal.TestMethodWorker.run(TestMethodWorker.java:112)
	at org.testng.TestRunner.privateRun(TestRunner.java:778)
	at org.testng.TestRunner.run(TestRunner.java:632)
	at org.testng.SuiteRunner.runTest(SuiteRunner.java:366)
	at org.testng.SuiteRunner.runSequentially(SuiteRunner.java:361)
	at org.testng.SuiteRunner.privateRun(SuiteRunner.java:319)
	at org.testng.SuiteRunner.run(SuiteRunner.java:268)
	at org.testng.SuiteRunnerWorker.runSuite(SuiteRunnerWorker.java:52)
	at org.testng.SuiteRunnerWorker.run(SuiteRunnerWorker.java:86)
	at org.testng.TestNG.runSuitesSequentially(TestNG.java:1225)
	at org.testng.TestNG.runSuitesLocally(TestNG.java:1150)
	at org.testng.TestNG.runSuites(TestNG.java:1075)
	at org.testng.TestNG.run(TestNG.java:1047)
	at org.testng.remote.AbstractRemoteTestNG.run(AbstractRemoteTestNG.java:126)
	at org.testng.remote.RemoteTestNG.initAndRun(RemoteTestNG.java:137)
	at org.testng.remote.RemoteTestNG.main(RemoteTestNG.java:58)
]]>
            </full-stacktrace>
          </exception> <!-- java.lang.RuntimeException -->
          <reporter-output>
          </reporter-output>
        </test-method> <!-- test -->
      </class> <!-- ReadExcelDataP -->
    </test> <!-- Default test -->
  </suite> <!-- Default suite -->
</testng-results>
